2017-07-03 16:47:00,302 [Worker-14] INFO  o.e.m.c.i.l.LifecycleMappingFactory - Using org.maven.ide.eclipse.wtp.WarLifecycleMapping lifecycle mapping for MavenProject: kr.co:torrent:0.0.1-SNAPSHOT @ C:\Users\Bit503-20\Desktop\torrent2\torrent\pom.xml.
2017-07-03 16:47:02,910 [Worker-14] INFO  o.e.m.j.i.AbstractJavaProjectConfigurator - Adding source folder /torrent/src/main/java
2017-07-03 16:47:02,912 [Worker-14] INFO  o.e.m.j.i.AbstractJavaProjectConfigurator - Adding resource folder /torrent/src/main/resources
2017-07-03 16:47:02,912 [Worker-14] INFO  o.e.m.j.i.AbstractJavaProjectConfigurator - Adding source folder /torrent/src/test/java
2017-07-03 16:47:02,913 [Worker-14] INFO  o.e.m.j.i.AbstractJavaProjectConfigurator - Adding resource folder /torrent/src/test/resources
2017-07-03 16:47:14,003 [Worker-11] WARN  o.e.m.c.i.embedder.EclipseLogger - Using platform encoding (MS949 actually) to copy filtered resources, i.e. build is platform dependent!
2017-07-03 16:47:14,054 [Worker-11] INFO  o.e.m.c.i.embedder.EclipseLogger - Copying 0 resource
2017-07-03 16:47:14,058 [Worker-11] WARN  o.e.m.c.i.embedder.EclipseLogger - Using platform encoding (MS949 actually) to copy filtered resources, i.e. build is platform dependent!
2017-07-03 16:47:14,060 [Worker-11] INFO  o.e.m.c.i.embedder.EclipseLogger - Copying 0 resource
2017-07-03 16:47:47,872 [Worker-12] WARN  o.e.m.c.i.embedder.EclipseLogger - Using platform encoding (MS949 actually) to copy filtered resources, i.e. build is platform dependent!
2017-07-03 16:47:47,877 [Worker-12] INFO  o.e.m.c.i.embedder.EclipseLogger - Copying 0 resource
2017-07-03 16:47:47,880 [Worker-12] WARN  o.e.m.c.i.embedder.EclipseLogger - Using platform encoding (MS949 actually) to copy filtered resources, i.e. build is platform dependent!
2017-07-03 16:47:47,881 [Worker-12] INFO  o.e.m.c.i.embedder.EclipseLogger - Copying 0 resource
2017-07-03 16:47:53,321 [Worker-18] WARN  o.e.m.c.i.embedder.EclipseLogger - Using platform encoding (MS949 actually) to copy filtered resources, i.e. build is platform dependent!
2017-07-03 16:47:53,323 [Worker-18] INFO  o.e.m.c.i.embedder.EclipseLogger - Copying 0 resource
2017-07-03 16:47:53,324 [Worker-18] WARN  o.e.m.c.i.embedder.EclipseLogger - Using platform encoding (MS949 actually) to copy filtered resources, i.e. build is platform dependent!
2017-07-03 16:47:53,325 [Worker-18] INFO  o.e.m.c.i.embedder.EclipseLogger - Copying 0 resource
2017-07-03 16:48:29,074 [Worker-18] WARN  o.e.m.c.i.embedder.EclipseLogger - Using platform encoding (MS949 actually) to copy filtered resources, i.e. build is platform dependent!
2017-07-03 16:48:29,076 [Worker-18] INFO  o.e.m.c.i.embedder.EclipseLogger - Copying 0 resource
2017-07-03 16:48:29,078 [Worker-18] WARN  o.e.m.c.i.embedder.EclipseLogger - Using platform encoding (MS949 actually) to copy filtered resources, i.e. build is platform dependent!
2017-07-03 16:48:29,079 [Worker-18] INFO  o.e.m.c.i.embedder.EclipseLogger - Copying 0 resource
2017-07-03 16:49:11,823 [Worker-13] WARN  o.e.m.c.i.embedder.EclipseLogger - Using platform encoding (MS949 actually) to copy filtered resources, i.e. build is platform dependent!
2017-07-03 16:49:11,825 [Worker-13] INFO  o.e.m.c.i.embedder.EclipseLogger - Copying 0 resource
2017-07-03 16:49:11,827 [Worker-13] WARN  o.e.m.c.i.embedder.EclipseLogger - Using platform encoding (MS949 actually) to copy filtered resources, i.e. build is platform dependent!
2017-07-03 16:49:11,828 [Worker-13] INFO  o.e.m.c.i.embedder.EclipseLogger - Copying 0 resource
2017-07-03 16:49:32,668 [Worker-15] INFO  o.e.m.c.i.l.LifecycleMappingFactory - Using org.maven.ide.eclipse.wtp.WarLifecycleMapping lifecycle mapping for MavenProject: kr.co:torrent:0.0.1-SNAPSHOT @ C:\Users\Bit503-20\Desktop\torrent2\torrent\pom.xml.
2017-07-03 16:49:35,405 [Worker-15] WARN  o.e.m.c.i.embedder.EclipseLogger - Using platform encoding (MS949 actually) to copy filtered resources, i.e. build is platform dependent!
2017-07-03 16:49:35,408 [Worker-15] INFO  o.e.m.c.i.embedder.EclipseLogger - Copying 0 resource
2017-07-03 16:49:35,411 [Worker-15] WARN  o.e.m.c.i.embedder.EclipseLogger - Using platform encoding (MS949 actually) to copy filtered resources, i.e. build is platform dependent!
2017-07-03 16:49:35,412 [Worker-15] INFO  o.e.m.c.i.embedder.EclipseLogger - Copying 0 resource
2017-07-03 16:49:35,412 [Worker-15] INFO  o.e.m.w.i.f.ResourceFilteringBuildParticipant - Changed resources require a complete clean of filtered resources of torrent
2017-07-03 16:49:35,413 [Worker-15] INFO  o.e.m.w.i.f.ResourceFilteringBuildParticipant - Executing resource filtering for torrent
2017-07-03 16:49:35,419 [Worker-15] WARN  o.e.m.c.i.embedder.EclipseLogger - Using platform encoding (MS949 actually) to copy filtered resources, i.e. build is platform dependent!
2017-07-03 16:49:36,308 [Worker-14] INFO  o.e.m.c.i.l.LifecycleMappingFactory - Using org.maven.ide.eclipse.wtp.WarLifecycleMapping lifecycle mapping for MavenProject: kr.co:torrent:0.0.1-SNAPSHOT @ C:\Users\Bit503-20\Desktop\torrent2\torrent\pom.xml.
2017-07-03 16:49:37,046 [Worker-14] WARN  o.e.m.c.i.embedder.EclipseLogger - Using platform encoding (MS949 actually) to copy filtered resources, i.e. build is platform dependent!
2017-07-03 16:49:37,048 [Worker-14] INFO  o.e.m.c.i.embedder.EclipseLogger - Copying 0 resource
2017-07-03 16:49:37,050 [Worker-14] WARN  o.e.m.c.i.embedder.EclipseLogger - Using platform encoding (MS949 actually) to copy filtered resources, i.e. build is platform dependent!
2017-07-03 16:49:37,051 [Worker-14] INFO  o.e.m.c.i.embedder.EclipseLogger - Copying 0 resource
2017-07-03 16:49:37,052 [Worker-14] INFO  o.e.m.w.i.f.ResourceFilteringBuildParticipant - Changed resources require a complete clean of filtered resources of torrent
2017-07-03 16:49:37,052 [Worker-14] INFO  o.e.m.w.i.f.ResourceFilteringBuildParticipant - Executing resource filtering for torrent
2017-07-03 16:49:37,057 [Worker-14] WARN  o.e.m.c.i.embedder.EclipseLogger - Using platform encoding (MS949 actually) to copy filtered resources, i.e. build is platform dependent!
2017-07-03 16:50:03,438 [Worker-11] INFO  o.e.m.c.i.l.LifecycleMappingFactory - Using org.maven.ide.eclipse.wtp.WarLifecycleMapping lifecycle mapping for MavenProject: kr.co:torrent:0.0.1-SNAPSHOT @ C:\Users\Bit503-20\Desktop\torrent2\torrent\pom.xml.
2017-07-03 16:50:04,237 [Worker-11] WARN  o.e.m.c.i.embedder.EclipseLogger - Using platform encoding (MS949 actually) to copy filtered resources, i.e. build is platform dependent!
2017-07-03 16:50:04,240 [Worker-11] INFO  o.e.m.c.i.embedder.EclipseLogger - Copying 0 resource
2017-07-03 16:50:04,242 [Worker-11] WARN  o.e.m.c.i.embedder.EclipseLogger - Using platform encoding (MS949 actually) to copy filtered resources, i.e. build is platform dependent!
2017-07-03 16:50:04,243 [Worker-11] INFO  o.e.m.c.i.embedder.EclipseLogger - Copying 0 resource
2017-07-03 16:50:04,244 [Worker-11] INFO  o.e.m.w.i.f.ResourceFilteringBuildParticipant - Changed resources require a complete clean of filtered resources of torrent
2017-07-03 16:50:04,244 [Worker-11] INFO  o.e.m.w.i.f.ResourceFilteringBuildParticipant - Executing resource filtering for torrent
2017-07-03 16:50:04,248 [Worker-11] WARN  o.e.m.c.i.embedder.EclipseLogger - Using platform encoding (MS949 actually) to copy filtered resources, i.e. build is platform dependent!
2017-07-03 16:50:20,121 [Worker-16] INFO  o.e.m.c.i.l.LifecycleMappingFactory - Using org.maven.ide.eclipse.wtp.WarLifecycleMapping lifecycle mapping for MavenProject: kr.co:torrent:0.0.1-SNAPSHOT @ C:\Users\Bit503-20\Desktop\torrent2\torrent\pom.xml.
2017-07-03 16:50:21,069 [Worker-16] WARN  o.e.m.c.i.embedder.EclipseLogger - Using platform encoding (MS949 actually) to copy filtered resources, i.e. build is platform dependent!
2017-07-03 16:50:21,072 [Worker-16] INFO  o.e.m.c.i.embedder.EclipseLogger - Copying 0 resource
2017-07-03 16:50:21,074 [Worker-16] WARN  o.e.m.c.i.embedder.EclipseLogger - Using platform encoding (MS949 actually) to copy filtered resources, i.e. build is platform dependent!
2017-07-03 16:50:21,075 [Worker-16] INFO  o.e.m.c.i.embedder.EclipseLogger - Copying 0 resource
2017-07-03 16:50:21,075 [Worker-16] INFO  o.e.m.w.i.f.ResourceFilteringBuildParticipant - Changed resources require a complete clean of filtered resources of torrent
2017-07-03 16:50:21,075 [Worker-16] INFO  o.e.m.w.i.f.ResourceFilteringBuildParticipant - Executing resource filtering for torrent
2017-07-03 16:50:21,080 [Worker-16] WARN  o.e.m.c.i.embedder.EclipseLogger - Using platform encoding (MS949 actually) to copy filtered resources, i.e. build is platform dependent!
2017-07-03 16:50:43,805 [Worker-9] INFO  o.e.m.c.i.l.LifecycleMappingFactory - Using org.maven.ide.eclipse.wtp.WarLifecycleMapping lifecycle mapping for MavenProject: kr.co:torrent:0.0.1-SNAPSHOT @ C:\Users\Bit503-20\Desktop\torrent2\torrent\pom.xml.
2017-07-03 16:50:44,521 [Worker-5] INFO  o.e.m.c.i.e.AbstractTransferListenerAdapter - Downloaded https://repo.maven.apache.org/maven2/org/springframework/spring-aop/${springframework-version}/spring-aop-${springframework-version}.pom
2017-07-03 16:50:44,526 [Worker-5] WARN  o.e.m.c.i.embedder.EclipseLogger - The POM for org.springframework:spring-aop:jar:${springframework-version} is missing, no dependency information available
2017-07-03 16:50:44,603 [Worker-9] INFO  o.e.m.c.i.e.AbstractTransferListenerAdapter - Downloaded https://repo.maven.apache.org/maven2/org/springframework/spring-aop/${springframework-version}/spring-aop-${springframework-version}.pom
2017-07-03 16:50:44,604 [Worker-9] WARN  o.e.m.c.i.embedder.EclipseLogger - The POM for org.springframework:spring-aop:jar:${springframework-version} is missing, no dependency information available
2017-07-03 16:50:45,282 [Worker-5] INFO  o.e.m.c.i.e.AbstractTransferListenerAdapter - Downloaded https://repo.maven.apache.org/maven2/org/springframework/spring-aop/${springframework-version}/spring-aop-${springframework-version}.jar
2017-07-03 16:50:45,434 [Worker-9] INFO  o.e.m.c.i.e.AbstractTransferListenerAdapter - Downloaded https://repo.maven.apache.org/maven2/org/springframework/spring-aop/${springframework-version}/spring-aop-${springframework-version}.jar
2017-07-03 16:50:45,482 [Worker-9] WARN  o.e.m.c.i.embedder.EclipseLogger - The POM for org.springframework:spring-aop:jar:${springframework-version} is missing, no dependency information available
2017-07-03 16:50:45,995 [Worker-9] WARN  o.e.m.c.i.embedder.EclipseLogger - Using platform encoding (MS949 actually) to copy filtered resources, i.e. build is platform dependent!
2017-07-03 16:50:45,997 [Worker-9] INFO  o.e.m.c.i.embedder.EclipseLogger - Copying 0 resource
2017-07-03 16:50:46,000 [Worker-9] WARN  o.e.m.c.i.embedder.EclipseLogger - Using platform encoding (MS949 actually) to copy filtered resources, i.e. build is platform dependent!
2017-07-03 16:50:46,001 [Worker-9] INFO  o.e.m.c.i.embedder.EclipseLogger - Copying 0 resource
2017-07-03 16:50:46,001 [Worker-9] INFO  o.e.m.w.i.f.ResourceFilteringBuildParticipant - Changed resources require a complete clean of filtered resources of torrent
2017-07-03 16:50:46,001 [Worker-9] INFO  o.e.m.w.i.f.ResourceFilteringBuildParticipant - Executing resource filtering for torrent
2017-07-03 16:50:46,009 [Worker-9] WARN  o.e.m.c.i.embedder.EclipseLogger - Using platform encoding (MS949 actually) to copy filtered resources, i.e. build is platform dependent!
2017-07-03 16:50:57,093 [Worker-14] INFO  o.e.m.c.i.l.LifecycleMappingFactory - Using org.maven.ide.eclipse.wtp.WarLifecycleMapping lifecycle mapping for MavenProject: kr.co:torrent:0.0.1-SNAPSHOT @ C:\Users\Bit503-20\Desktop\torrent2\torrent\pom.xml.
2017-07-03 16:50:57,205 [Worker-18] INFO  o.e.m.c.i.e.AbstractTransferListenerAdapter - Downloaded https://repo.maven.apache.org/maven2/org/springframework/spring-aop/${org.springframework-version}/spring-aop-${org.springframework-version}.pom
2017-07-03 16:50:57,208 [Worker-18] WARN  o.e.m.c.i.embedder.EclipseLogger - The POM for org.springframework:spring-aop:jar:${org.springframework-version} is missing, no dependency information available
2017-07-03 16:50:57,734 [Worker-14] INFO  o.e.m.c.i.e.AbstractTransferListenerAdapter - Downloaded https://repo.maven.apache.org/maven2/org/springframework/spring-aop/${org.springframework-version}/spring-aop-${org.springframework-version}.pom
2017-07-03 16:50:57,737 [Worker-14] WARN  o.e.m.c.i.embedder.EclipseLogger - The POM for org.springframework:spring-aop:jar:${org.springframework-version} is missing, no dependency information available
2017-07-03 16:50:57,911 [Worker-18] INFO  o.e.m.c.i.e.AbstractTransferListenerAdapter - Downloaded https://repo.maven.apache.org/maven2/org/springframework/spring-aop/${org.springframework-version}/spring-aop-${org.springframework-version}.jar
2017-07-03 16:50:58,594 [Worker-14] INFO  o.e.m.c.i.e.AbstractTransferListenerAdapter - Downloaded https://repo.maven.apache.org/maven2/org/springframework/spring-aop/${org.springframework-version}/spring-aop-${org.springframework-version}.jar
2017-07-03 16:50:58,619 [Worker-14] WARN  o.e.m.c.i.embedder.EclipseLogger - The POM for org.springframework:spring-aop:jar:${org.springframework-version} is missing, no dependency information available
2017-07-03 16:50:59,257 [Worker-14] WARN  o.e.m.c.i.embedder.EclipseLogger - Using platform encoding (MS949 actually) to copy filtered resources, i.e. build is platform dependent!
2017-07-03 16:50:59,260 [Worker-14] INFO  o.e.m.c.i.embedder.EclipseLogger - Copying 0 resource
2017-07-03 16:50:59,263 [Worker-14] WARN  o.e.m.c.i.embedder.EclipseLogger - Using platform encoding (MS949 actually) to copy filtered resources, i.e. build is platform dependent!
2017-07-03 16:50:59,289 [Worker-14] INFO  o.e.m.c.i.embedder.EclipseLogger - Copying 0 resource
2017-07-03 16:50:59,290 [Worker-14] INFO  o.e.m.w.i.f.ResourceFilteringBuildParticipant - Changed resources require a complete clean of filtered resources of torrent
2017-07-03 16:50:59,290 [Worker-14] INFO  o.e.m.w.i.f.ResourceFilteringBuildParticipant - Executing resource filtering for torrent
2017-07-03 16:50:59,296 [Worker-14] WARN  o.e.m.c.i.embedder.EclipseLogger - Using platform encoding (MS949 actually) to copy filtered resources, i.e. build is platform dependent!
2017-07-03 16:51:05,604 [Worker-2] INFO  o.e.m.c.i.l.LifecycleMappingFactory - Using org.maven.ide.eclipse.wtp.WarLifecycleMapping lifecycle mapping for MavenProject: kr.co:torrent:0.0.1-SNAPSHOT @ C:\Users\Bit503-20\Desktop\torrent2\torrent\pom.xml.
2017-07-03 16:51:05,789 [Worker-3] INFO  o.e.m.c.i.e.AbstractTransferListenerAdapter - Downloaded https://repo.maven.apache.org/maven2/org/springframework/spring-aop/${org.springframework}/spring-aop-${org.springframework}.pom
2017-07-03 16:51:05,792 [Worker-3] WARN  o.e.m.c.i.embedder.EclipseLogger - The POM for org.springframework:spring-aop:jar:${org.springframework} is missing, no dependency information available
2017-07-03 16:51:06,407 [Worker-2] INFO  o.e.m.c.i.e.AbstractTransferListenerAdapter - Downloaded https://repo.maven.apache.org/maven2/org/springframework/spring-aop/${org.springframework}/spring-aop-${org.springframework}.pom
2017-07-03 16:51:06,409 [Worker-2] WARN  o.e.m.c.i.embedder.EclipseLogger - The POM for org.springframework:spring-aop:jar:${org.springframework} is missing, no dependency information available
2017-07-03 16:51:06,644 [Worker-3] INFO  o.e.m.c.i.e.AbstractTransferListenerAdapter - Downloaded https://repo.maven.apache.org/maven2/org/springframework/spring-aop/${org.springframework}/spring-aop-${org.springframework}.jar
2017-07-03 16:51:07,267 [Worker-2] INFO  o.e.m.c.i.e.AbstractTransferListenerAdapter - Downloaded https://repo.maven.apache.org/maven2/org/springframework/spring-aop/${org.springframework}/spring-aop-${org.springframework}.jar
2017-07-03 16:51:07,305 [Worker-2] WARN  o.e.m.c.i.embedder.EclipseLogger - The POM for org.springframework:spring-aop:jar:${org.springframework} is missing, no dependency information available
2017-07-03 16:51:07,822 [Worker-2] WARN  o.e.m.c.i.embedder.EclipseLogger - Using platform encoding (MS949 actually) to copy filtered resources, i.e. build is platform dependent!
2017-07-03 16:51:07,825 [Worker-2] INFO  o.e.m.c.i.embedder.EclipseLogger - Copying 0 resource
2017-07-03 16:51:07,828 [Worker-2] WARN  o.e.m.c.i.embedder.EclipseLogger - Using platform encoding (MS949 actually) to copy filtered resources, i.e. build is platform dependent!
2017-07-03 16:51:07,829 [Worker-2] INFO  o.e.m.c.i.embedder.EclipseLogger - Copying 0 resource
2017-07-03 16:51:07,829 [Worker-2] INFO  o.e.m.w.i.f.ResourceFilteringBuildParticipant - Changed resources require a complete clean of filtered resources of torrent
2017-07-03 16:51:07,829 [Worker-2] INFO  o.e.m.w.i.f.ResourceFilteringBuildParticipant - Executing resource filtering for torrent
2017-07-03 16:51:07,834 [Worker-2] WARN  o.e.m.c.i.embedder.EclipseLogger - Using platform encoding (MS949 actually) to copy filtered resources, i.e. build is platform dependent!
2017-07-03 16:51:38,612 [Worker-9] WARN  o.e.m.c.i.embedder.EclipseLogger - The POM for org.springframework:spring-aop:jar:${org.springframework-version} is missing, no dependency information available
2017-07-03 16:51:39,063 [Worker-12] INFO  o.e.m.c.i.l.LifecycleMappingFactory - Using org.maven.ide.eclipse.wtp.WarLifecycleMapping lifecycle mapping for MavenProject: kr.co:torrent:0.0.1-SNAPSHOT @ C:\Users\Bit503-20\Desktop\torrent2\torrent\pom.xml.
2017-07-03 16:51:39,082 [Worker-12] WARN  o.e.m.c.i.embedder.EclipseLogger - The POM for org.springframework:spring-aop:jar:${org.springframework-version} is missing, no dependency information available
2017-07-03 16:51:39,148 [Worker-12] WARN  o.e.m.c.i.embedder.EclipseLogger - The POM for org.springframework:spring-aop:jar:${org.springframework-version} is missing, no dependency information available
2017-07-03 16:51:39,748 [Worker-12] WARN  o.e.m.c.i.embedder.EclipseLogger - Using platform encoding (MS949 actually) to copy filtered resources, i.e. build is platform dependent!
2017-07-03 16:51:39,751 [Worker-12] INFO  o.e.m.c.i.embedder.EclipseLogger - Copying 0 resource
2017-07-03 16:51:39,753 [Worker-12] WARN  o.e.m.c.i.embedder.EclipseLogger - Using platform encoding (MS949 actually) to copy filtered resources, i.e. build is platform dependent!
2017-07-03 16:51:39,754 [Worker-12] INFO  o.e.m.c.i.embedder.EclipseLogger - Copying 0 resource
2017-07-03 16:51:39,755 [Worker-12] INFO  o.e.m.w.i.f.ResourceFilteringBuildParticipant - Changed resources require a complete clean of filtered resources of torrent
2017-07-03 16:51:39,755 [Worker-12] INFO  o.e.m.w.i.f.ResourceFilteringBuildParticipant - Executing resource filtering for torrent
2017-07-03 16:51:39,759 [Worker-12] WARN  o.e.m.c.i.embedder.EclipseLogger - Using platform encoding (MS949 actually) to copy filtered resources, i.e. build is platform dependent!
2017-07-03 16:51:58,940 [Worker-18] INFO  o.e.m.c.i.l.LifecycleMappingFactory - Using org.maven.ide.eclipse.wtp.WarLifecycleMapping lifecycle mapping for MavenProject: kr.co:torrent:0.0.1-SNAPSHOT @ C:\Users\Bit503-20\Desktop\torrent2\torrent\pom.xml.
2017-07-03 16:51:59,773 [Worker-18] WARN  o.e.m.c.i.embedder.EclipseLogger - Using platform encoding (MS949 actually) to copy filtered resources, i.e. build is platform dependent!
2017-07-03 16:51:59,776 [Worker-18] INFO  o.e.m.c.i.embedder.EclipseLogger - Copying 0 resource
2017-07-03 16:51:59,778 [Worker-18] WARN  o.e.m.c.i.embedder.EclipseLogger - Using platform encoding (MS949 actually) to copy filtered resources, i.e. build is platform dependent!
2017-07-03 16:51:59,779 [Worker-18] INFO  o.e.m.c.i.embedder.EclipseLogger - Copying 0 resource
2017-07-03 16:51:59,779 [Worker-18] INFO  o.e.m.w.i.f.ResourceFilteringBuildParticipant - Changed resources require a complete clean of filtered resources of torrent
2017-07-03 16:51:59,779 [Worker-18] INFO  o.e.m.w.i.f.ResourceFilteringBuildParticipant - Executing resource filtering for torrent
2017-07-03 16:51:59,784 [Worker-18] WARN  o.e.m.c.i.embedder.EclipseLogger - Using platform encoding (MS949 actually) to copy filtered resources, i.e. build is platform dependent!
2017-07-03 16:53:03,243 [Worker-14] WARN  o.e.m.c.i.embedder.EclipseLogger - Using platform encoding (MS949 actually) to copy filtered resources, i.e. build is platform dependent!
2017-07-03 16:53:03,245 [Worker-14] INFO  o.e.m.c.i.embedder.EclipseLogger - Copying 0 resource
2017-07-03 16:53:03,248 [Worker-14] WARN  o.e.m.c.i.embedder.EclipseLogger - Using platform encoding (MS949 actually) to copy filtered resources, i.e. build is platform dependent!
2017-07-03 16:53:03,250 [Worker-14] INFO  o.e.m.c.i.embedder.EclipseLogger - Copying 0 resource
2017-07-03 16:53:16,334 [Worker-2] WARN  o.e.m.c.i.embedder.EclipseLogger - Using platform encoding (MS949 actually) to copy filtered resources, i.e. build is platform dependent!
2017-07-03 16:53:16,337 [Worker-2] INFO  o.e.m.c.i.embedder.EclipseLogger - Copying 0 resource
2017-07-03 16:53:16,340 [Worker-2] WARN  o.e.m.c.i.embedder.EclipseLogger - Using platform encoding (MS949 actually) to copy filtered resources, i.e. build is platform dependent!
2017-07-03 16:53:16,341 [Worker-2] INFO  o.e.m.c.i.embedder.EclipseLogger - Copying 0 resource
2017-07-03 16:53:25,526 [Worker-18] WARN  o.e.m.c.i.embedder.EclipseLogger - Using platform encoding (MS949 actually) to copy filtered resources, i.e. build is platform dependent!
2017-07-03 16:53:25,527 [Worker-18] INFO  o.e.m.c.i.embedder.EclipseLogger - Copying 0 resource
2017-07-03 16:53:25,530 [Worker-18] WARN  o.e.m.c.i.embedder.EclipseLogger - Using platform encoding (MS949 actually) to copy filtered resources, i.e. build is platform dependent!
2017-07-03 16:53:25,532 [Worker-18] INFO  o.e.m.c.i.embedder.EclipseLogger - Copying 0 resource
2017-07-03 16:55:11,082 [Worker-14] INFO  o.e.m.c.i.p.ProjectConfigurationManager - Update started
2017-07-03 16:55:12,742 [Worker-14] INFO  o.e.m.c.i.l.LifecycleMappingFactory - Using org.maven.ide.eclipse.wtp.WarLifecycleMapping lifecycle mapping for MavenProject: kr.co:torrent:0.0.1-SNAPSHOT @ C:\Users\Bit503-20\Desktop\torrent2\torrent\pom.xml.
2017-07-03 16:55:13,534 [Worker-14] INFO  o.e.m.j.i.AbstractJavaProjectConfigurator - Adding source folder /torrent/src/main/java
2017-07-03 16:55:13,535 [Worker-14] INFO  o.e.m.j.i.AbstractJavaProjectConfigurator - Adding resource folder /torrent/src/main/resources
2017-07-03 16:55:13,535 [Worker-14] INFO  o.e.m.j.i.AbstractJavaProjectConfigurator - Adding source folder /torrent/src/test/java
2017-07-03 16:55:13,536 [Worker-14] INFO  o.e.m.j.i.AbstractJavaProjectConfigurator - Adding resource folder /torrent/src/test/resources
2017-07-03 16:55:13,645 [Worker-14] ERROR o.e.m2e.wtp.WTPProjectConfigurator - Unable to configure torrent
org.eclipse.m2e.wtp.MarkedException: Unable to configure torrent
	at org.eclipse.m2e.wtp.AbstractProjectConfiguratorDelegate.configureProject(AbstractProjectConfiguratorDelegate.java:98) ~[na:na]
	at org.eclipse.m2e.wtp.WTPProjectConfigurator.configure(WTPProjectConfigurator.java:68) ~[na:na]
	at org.eclipse.m2e.core.project.configurator.AbstractLifecycleMapping.configure(AbstractLifecycleMapping.java:120) [org.eclipse.m2e.core_1.7.0.20160603-1933.jar:na]
	at org.eclipse.m2e.core.internal.project.ProjectConfigurationManager$3.call(ProjectConfigurationManager.java:501) [org.eclipse.m2e.core_1.7.0.20160603-1933.jar:na]
	at org.eclipse.m2e.core.internal.project.ProjectConfigurationManager$3.call(ProjectConfigurationManager.java:1) [org.eclipse.m2e.core_1.7.0.20160603-1933.jar:na]
	at org.eclipse.m2e.core.internal.embedder.MavenExecutionContext.executeBare(MavenExecutionContext.java:176) [org.eclipse.m2e.core_1.7.0.20160603-1933.jar:na]
	at org.eclipse.m2e.core.internal.embedder.MavenExecutionContext.execute(MavenExecutionContext.java:151) [org.eclipse.m2e.core_1.7.0.20160603-1933.jar:na]
	at org.eclipse.m2e.core.internal.project.ProjectConfigurationManager.updateProjectConfiguration(ProjectConfigurationManager.java:494) [org.eclipse.m2e.core_1.7.0.20160603-1933.jar:na]
	at org.eclipse.m2e.core.internal.project.ProjectConfigurationManager.updateProjectConfiguration0(ProjectConfigurationManager.java:432) [org.eclipse.m2e.core_1.7.0.20160603-1933.jar:na]
	at org.eclipse.m2e.core.internal.project.ProjectConfigurationManager$2.call(ProjectConfigurationManager.java:345) [org.eclipse.m2e.core_1.7.0.20160603-1933.jar:na]
	at org.eclipse.m2e.core.internal.project.ProjectConfigurationManager$2.call(ProjectConfigurationManager.java:1) [org.eclipse.m2e.core_1.7.0.20160603-1933.jar:na]
	at org.eclipse.m2e.core.internal.embedder.MavenExecutionContext.executeBare(MavenExecutionContext.java:176) [org.eclipse.m2e.core_1.7.0.20160603-1933.jar:na]
	at org.eclipse.m2e.core.internal.embedder.MavenExecutionContext.execute(MavenExecutionContext.java:151) [org.eclipse.m2e.core_1.7.0.20160603-1933.jar:na]
	at org.eclipse.m2e.core.internal.embedder.MavenExecutionContext.execute(MavenExecutionContext.java:99) [org.eclipse.m2e.core_1.7.0.20160603-1933.jar:na]
	at org.eclipse.m2e.core.internal.embedder.MavenImpl.execute(MavenImpl.java:1351) [org.eclipse.m2e.core_1.7.0.20160603-1933.jar:na]
	at org.eclipse.m2e.core.internal.project.ProjectConfigurationManager.updateProjectConfiguration(ProjectConfigurationManager.java:342) [org.eclipse.m2e.core_1.7.0.20160603-1933.jar:na]
	at org.eclipse.m2e.core.ui.internal.UpdateMavenProjectJob.runInWorkspace(UpdateMavenProjectJob.java:77) [org.eclipse.m2e.core.ui_1.7.0.20160603-1933.jar:na]
	at org.eclipse.core.internal.resources.InternalWorkspaceJob.run(InternalWorkspaceJob.java:39) [org.eclipse.core.resources_3.11.1.v20161107-2032.jar:na]
	at org.eclipse.core.internal.jobs.Worker.run(Worker.java:55) [org.eclipse.core.jobs_3.8.0.v20160509-0411.jar:na]
Caused by: org.eclipse.core.runtime.CoreException: One or more constraints have not been satisfied.
	at org.eclipse.wst.common.project.facet.core.internal.FacetedProject.modifyInternal(FacetedProject.java:363) ~[na:na]
	at org.eclipse.wst.common.project.facet.core.internal.FacetedProject.mergeChangesInternal(FacetedProject.java:1181) ~[na:na]
	at org.eclipse.wst.common.project.facet.core.internal.FacetedProject.access$2(FacetedProject.java:1117) ~[na:na]
	at org.eclipse.wst.common.project.facet.core.internal.FacetedProject$1.run(FacetedProject.java:324) ~[na:na]
	at org.eclipse.core.internal.resources.Workspace.run(Workspace.java:2240) ~[org.eclipse.core.resources_3.11.1.v20161107-2032.jar:na]
	at org.eclipse.core.internal.resources.Workspace.run(Workspace.java:2267) ~[org.eclipse.core.resources_3.11.1.v20161107-2032.jar:na]
	at org.eclipse.wst.common.project.facet.core.internal.FacetedProject.modify(FacetedProject.java:339) ~[na:na]
	at org.eclipse.m2e.wtp.WebProjectConfiguratorDelegate.configure(WebProjectConfiguratorDelegate.java:136) ~[na:na]
	at org.eclipse.m2e.wtp.AbstractProjectConfiguratorDelegate.configureProject(AbstractProjectConfiguratorDelegate.java:94) ~[na:na]
	... 18 common frames omitted
2017-07-03 16:55:14,044 [Worker-14] INFO  o.e.m.w.i.f.ResourceFilteringBuildParticipant - Cleaning filtered folder for torrent
2017-07-03 16:55:14,053 [Worker-14] INFO  o.e.m.c.i.p.ProjectConfigurationManager - Update completed: 2 sec
2017-07-03 16:55:14,541 [Worker-14] WARN  o.e.m.c.i.embedder.EclipseLogger - Using platform encoding (MS949 actually) to copy filtered resources, i.e. build is platform dependent!
2017-07-03 16:55:14,542 [Worker-14] INFO  o.e.m.c.i.embedder.EclipseLogger - Copying 0 resource
2017-07-03 16:55:14,545 [Worker-14] WARN  o.e.m.c.i.embedder.EclipseLogger - Using platform encoding (MS949 actually) to copy filtered resources, i.e. build is platform dependent!
2017-07-03 16:55:14,546 [Worker-14] INFO  o.e.m.c.i.embedder.EclipseLogger - Copying 0 resource
2017-07-03 16:55:14,547 [Worker-14] INFO  o.e.m.w.i.f.ResourceFilteringBuildParticipant - Changed resources require a complete clean of filtered resources of torrent
2017-07-03 16:55:14,547 [Worker-14] INFO  o.e.m.w.i.f.ResourceFilteringBuildParticipant - Executing resource filtering for torrent
2017-07-03 16:55:14,552 [Worker-14] WARN  o.e.m.c.i.embedder.EclipseLogger - Using platform encoding (MS949 actually) to copy filtered resources, i.e. build is platform dependent!
2017-07-03 16:57:19,698 [Worker-5] INFO  o.e.m.c.i.l.LifecycleMappingFactory - Using org.maven.ide.eclipse.wtp.WarLifecycleMapping lifecycle mapping for MavenProject: kr.co:torrent:0.0.1-SNAPSHOT @ C:\Users\Bit503-20\Desktop\torrent2\torrent\pom.xml.
2017-07-03 16:57:20,313 [Worker-5] INFO  o.e.m.j.i.AbstractJavaProjectConfigurator - Adding source folder /torrent/src/main/java
2017-07-03 16:57:20,313 [Worker-5] INFO  o.e.m.j.i.AbstractJavaProjectConfigurator - Adding resource folder /torrent/src/main/resources
2017-07-03 16:57:20,314 [Worker-5] INFO  o.e.m.j.i.AbstractJavaProjectConfigurator - Adding source folder /torrent/src/test/java
2017-07-03 16:57:20,315 [Worker-5] INFO  o.e.m.j.i.AbstractJavaProjectConfigurator - Adding resource folder /torrent/src/test/resources
2017-07-03 16:57:21,062 [Worker-15] WARN  o.e.m.c.i.embedder.EclipseLogger - Using platform encoding (MS949 actually) to copy filtered resources, i.e. build is platform dependent!
2017-07-03 16:57:21,063 [Worker-15] INFO  o.e.m.c.i.embedder.EclipseLogger - Copying 0 resource
2017-07-03 16:57:21,065 [Worker-15] WARN  o.e.m.c.i.embedder.EclipseLogger - Using platform encoding (MS949 actually) to copy filtered resources, i.e. build is platform dependent!
2017-07-03 16:57:21,066 [Worker-15] INFO  o.e.m.c.i.embedder.EclipseLogger - Copying 0 resource
2017-07-03 16:57:22,137 [Worker-6] WARN  o.e.m.c.i.embedder.EclipseLogger - Using platform encoding (MS949 actually) to copy filtered resources, i.e. build is platform dependent!
2017-07-03 16:57:22,140 [Worker-6] INFO  o.e.m.c.i.embedder.EclipseLogger - Copying 0 resource
2017-07-03 16:57:22,143 [Worker-6] WARN  o.e.m.c.i.embedder.EclipseLogger - Using platform encoding (MS949 actually) to copy filtered resources, i.e. build is platform dependent!
2017-07-03 16:57:22,144 [Worker-6] INFO  o.e.m.c.i.embedder.EclipseLogger - Copying 0 resource
2017-07-03 16:58:04,726 [Worker-3] WARN  o.e.m.c.i.embedder.EclipseLogger - Using platform encoding (MS949 actually) to copy filtered resources, i.e. build is platform dependent!
2017-07-03 16:58:04,727 [Worker-3] INFO  o.e.m.c.i.embedder.EclipseLogger - Copying 0 resource
2017-07-03 16:58:04,730 [Worker-3] WARN  o.e.m.c.i.embedder.EclipseLogger - Using platform encoding (MS949 actually) to copy filtered resources, i.e. build is platform dependent!
2017-07-03 16:58:04,731 [Worker-3] INFO  o.e.m.c.i.embedder.EclipseLogger - Copying 0 resource
2017-07-03 16:58:12,946 [Worker-7] WARN  o.e.m.c.i.embedder.EclipseLogger - Using platform encoding (MS949 actually) to copy filtered resources, i.e. build is platform dependent!
2017-07-03 16:58:12,947 [Worker-7] INFO  o.e.m.c.i.embedder.EclipseLogger - Copying 0 resource
2017-07-03 16:58:12,950 [Worker-7] WARN  o.e.m.c.i.embedder.EclipseLogger - Using platform encoding (MS949 actually) to copy filtered resources, i.e. build is platform dependent!
2017-07-03 16:58:12,951 [Worker-7] INFO  o.e.m.c.i.embedder.EclipseLogger - Copying 0 resource
2017-07-03 16:58:19,342 [Worker-14] WARN  o.e.m.c.i.embedder.EclipseLogger - Using platform encoding (MS949 actually) to copy filtered resources, i.e. build is platform dependent!
2017-07-03 16:58:19,343 [Worker-14] INFO  o.e.m.c.i.embedder.EclipseLogger - Copying 0 resource
2017-07-03 16:58:19,345 [Worker-14] WARN  o.e.m.c.i.embedder.EclipseLogger - Using platform encoding (MS949 actually) to copy filtered resources, i.e. build is platform dependent!
2017-07-03 16:58:19,346 [Worker-14] INFO  o.e.m.c.i.embedder.EclipseLogger - Copying 0 resource
2017-07-03 16:58:37,908 [Worker-9] WARN  o.e.m.c.i.embedder.EclipseLogger - Using platform encoding (MS949 actually) to copy filtered resources, i.e. build is platform dependent!
2017-07-03 16:58:37,909 [Worker-9] INFO  o.e.m.c.i.embedder.EclipseLogger - Copying 0 resource
2017-07-03 16:58:37,911 [Worker-9] WARN  o.e.m.c.i.embedder.EclipseLogger - Using platform encoding (MS949 actually) to copy filtered resources, i.e. build is platform dependent!
2017-07-03 16:58:37,912 [Worker-9] INFO  o.e.m.c.i.embedder.EclipseLogger - Copying 0 resource
2017-07-03 16:58:43,814 [Worker-0] WARN  o.e.m.c.i.embedder.EclipseLogger - Using platform encoding (MS949 actually) to copy filtered resources, i.e. build is platform dependent!
2017-07-03 16:58:43,815 [Worker-0] INFO  o.e.m.c.i.embedder.EclipseLogger - Copying 0 resource
2017-07-03 16:58:43,817 [Worker-0] WARN  o.e.m.c.i.embedder.EclipseLogger - Using platform encoding (MS949 actually) to copy filtered resources, i.e. build is platform dependent!
2017-07-03 16:58:43,829 [Worker-0] INFO  o.e.m.c.i.embedder.EclipseLogger - Copying 0 resource
2017-07-03 16:59:10,076 [Worker-8] WARN  o.e.m.c.i.embedder.EclipseLogger - Using platform encoding (MS949 actually) to copy filtered resources, i.e. build is platform dependent!
2017-07-03 16:59:10,078 [Worker-8] INFO  o.e.m.c.i.embedder.EclipseLogger - Copying 0 resource
2017-07-03 16:59:10,082 [Worker-8] WARN  o.e.m.c.i.embedder.EclipseLogger - Using platform encoding (MS949 actually) to copy filtered resources, i.e. build is platform dependent!
2017-07-03 16:59:10,084 [Worker-8] INFO  o.e.m.c.i.embedder.EclipseLogger - Copying 0 resource
2017-07-03 16:59:24,901 [Worker-7] WARN  o.e.m.c.i.embedder.EclipseLogger - Using platform encoding (MS949 actually) to copy filtered resources, i.e. build is platform dependent!
2017-07-03 16:59:24,903 [Worker-7] INFO  o.e.m.c.i.embedder.EclipseLogger - Copying 0 resource
2017-07-03 16:59:24,905 [Worker-7] WARN  o.e.m.c.i.embedder.EclipseLogger - Using platform encoding (MS949 actually) to copy filtered resources, i.e. build is platform dependent!
2017-07-03 16:59:24,910 [Worker-7] INFO  o.e.m.c.i.embedder.EclipseLogger - Copying 0 resource
2017-07-03 16:59:55,467 [Worker-18] WARN  o.e.m.c.i.embedder.EclipseLogger - Using platform encoding (MS949 actually) to copy filtered resources, i.e. build is platform dependent!
2017-07-03 16:59:55,482 [Worker-18] INFO  o.e.m.c.i.embedder.EclipseLogger - Copying 0 resource
2017-07-03 16:59:55,484 [Worker-18] WARN  o.e.m.c.i.embedder.EclipseLogger - Using platform encoding (MS949 actually) to copy filtered resources, i.e. build is platform dependent!
2017-07-03 16:59:55,485 [Worker-18] INFO  o.e.m.c.i.embedder.EclipseLogger - Copying 0 resource
2017-07-03 16:59:56,508 [Worker-11] WARN  o.e.m.c.i.embedder.EclipseLogger - Using platform encoding (MS949 actually) to copy filtered resources, i.e. build is platform dependent!
2017-07-03 16:59:56,509 [Worker-11] INFO  o.e.m.c.i.embedder.EclipseLogger - Copying 0 resource
2017-07-03 16:59:56,511 [Worker-11] WARN  o.e.m.c.i.embedder.EclipseLogger - Using platform encoding (MS949 actually) to copy filtered resources, i.e. build is platform dependent!
2017-07-03 16:59:56,512 [Worker-11] INFO  o.e.m.c.i.embedder.EclipseLogger - Copying 0 resource
2017-07-03 17:00:20,286 [Worker-7] WARN  o.e.m.c.i.embedder.EclipseLogger - Using platform encoding (MS949 actually) to copy filtered resources, i.e. build is platform dependent!
2017-07-03 17:00:20,287 [Worker-7] INFO  o.e.m.c.i.embedder.EclipseLogger - Copying 0 resource
2017-07-03 17:00:20,289 [Worker-7] WARN  o.e.m.c.i.embedder.EclipseLogger - Using platform encoding (MS949 actually) to copy filtered resources, i.e. build is platform dependent!
2017-07-03 17:00:20,290 [Worker-7] INFO  o.e.m.c.i.embedder.EclipseLogger - Copying 0 resource
2017-07-03 17:00:28,807 [Worker-7] WARN  o.e.m.c.i.embedder.EclipseLogger - Using platform encoding (MS949 actually) to copy filtered resources, i.e. build is platform dependent!
2017-07-03 17:00:28,809 [Worker-7] INFO  o.e.m.c.i.embedder.EclipseLogger - Copying 0 resource
2017-07-03 17:00:28,811 [Worker-7] WARN  o.e.m.c.i.embedder.EclipseLogger - Using platform encoding (MS949 actually) to copy filtered resources, i.e. build is platform dependent!
2017-07-03 17:00:28,813 [Worker-7] INFO  o.e.m.c.i.embedder.EclipseLogger - Copying 0 resource
2017-07-03 17:00:49,833 [Worker-18] WARN  o.e.m.c.i.embedder.EclipseLogger - Using platform encoding (MS949 actually) to copy filtered resources, i.e. build is platform dependent!
2017-07-03 17:00:49,835 [Worker-18] INFO  o.e.m.c.i.embedder.EclipseLogger - Copying 0 resource
2017-07-03 17:00:49,838 [Worker-18] WARN  o.e.m.c.i.embedder.EclipseLogger - Using platform encoding (MS949 actually) to copy filtered resources, i.e. build is platform dependent!
2017-07-03 17:00:49,839 [Worker-18] INFO  o.e.m.c.i.embedder.EclipseLogger - Copying 0 resource
2017-07-03 17:01:03,643 [Worker-6] WARN  o.e.m.c.i.embedder.EclipseLogger - Using platform encoding (MS949 actually) to copy filtered resources, i.e. build is platform dependent!
2017-07-03 17:01:03,646 [Worker-6] INFO  o.e.m.c.i.embedder.EclipseLogger - Copying 0 resource
2017-07-03 17:01:03,649 [Worker-6] WARN  o.e.m.c.i.embedder.EclipseLogger - Using platform encoding (MS949 actually) to copy filtered resources, i.e. build is platform dependent!
2017-07-03 17:01:03,651 [Worker-6] INFO  o.e.m.c.i.embedder.EclipseLogger - Copying 0 resource
2017-07-03 17:01:43,784 [Worker-3] WARN  o.e.m.c.i.embedder.EclipseLogger - Using platform encoding (MS949 actually) to copy filtered resources, i.e. build is platform dependent!
2017-07-03 17:01:43,785 [Worker-3] INFO  o.e.m.c.i.embedder.EclipseLogger - Copying 0 resource
2017-07-03 17:01:43,788 [Worker-3] WARN  o.e.m.c.i.embedder.EclipseLogger - Using platform encoding (MS949 actually) to copy filtered resources, i.e. build is platform dependent!
2017-07-03 17:01:43,790 [Worker-3] INFO  o.e.m.c.i.embedder.EclipseLogger - Copying 0 resource
2017-07-03 17:02:57,914 [Worker-3] WARN  o.e.m.c.i.embedder.EclipseLogger - Using platform encoding (MS949 actually) to copy filtered resources, i.e. build is platform dependent!
2017-07-03 17:02:57,916 [Worker-3] INFO  o.e.m.c.i.embedder.EclipseLogger - Copying 0 resource
2017-07-03 17:02:57,918 [Worker-3] WARN  o.e.m.c.i.embedder.EclipseLogger - Using platform encoding (MS949 actually) to copy filtered resources, i.e. build is platform dependent!
2017-07-03 17:02:57,919 [Worker-3] INFO  o.e.m.c.i.embedder.EclipseLogger - Copying 0 resource
2017-07-03 17:03:23,966 [Worker-13] WARN  o.e.m.c.i.embedder.EclipseLogger - Using platform encoding (MS949 actually) to copy filtered resources, i.e. build is platform dependent!
2017-07-03 17:03:23,968 [Worker-13] INFO  o.e.m.c.i.embedder.EclipseLogger - Copying 0 resource
2017-07-03 17:03:23,971 [Worker-13] WARN  o.e.m.c.i.embedder.EclipseLogger - Using platform encoding (MS949 actually) to copy filtered resources, i.e. build is platform dependent!
2017-07-03 17:03:23,975 [Worker-13] INFO  o.e.m.c.i.embedder.EclipseLogger - Copying 0 resource
2017-07-03 17:05:08,732 [Worker-13] WARN  o.e.m.c.i.embedder.EclipseLogger - Using platform encoding (MS949 actually) to copy filtered resources, i.e. build is platform dependent!
2017-07-03 17:05:08,734 [Worker-13] INFO  o.e.m.c.i.embedder.EclipseLogger - Copying 0 resource
2017-07-03 17:05:08,737 [Worker-13] WARN  o.e.m.c.i.embedder.EclipseLogger - Using platform encoding (MS949 actually) to copy filtered resources, i.e. build is platform dependent!
2017-07-03 17:05:08,765 [Worker-13] INFO  o.e.m.c.i.embedder.EclipseLogger - Copying 0 resource
2017-07-03 17:06:17,880 [Worker-8] WARN  o.e.m.c.i.embedder.EclipseLogger - Using platform encoding (MS949 actually) to copy filtered resources, i.e. build is platform dependent!
2017-07-03 17:06:17,882 [Worker-8] INFO  o.e.m.c.i.embedder.EclipseLogger - Copying 0 resource
2017-07-03 17:06:17,884 [Worker-8] WARN  o.e.m.c.i.embedder.EclipseLogger - Using platform encoding (MS949 actually) to copy filtered resources, i.e. build is platform dependent!
2017-07-03 17:06:17,884 [Worker-8] INFO  o.e.m.c.i.embedder.EclipseLogger - Copying 0 resource
2017-07-03 17:06:25,318 [Worker-3] WARN  o.e.m.c.i.embedder.EclipseLogger - Using platform encoding (MS949 actually) to copy filtered resources, i.e. build is platform dependent!
2017-07-03 17:06:25,319 [Worker-3] INFO  o.e.m.c.i.embedder.EclipseLogger - Copying 0 resource
2017-07-03 17:06:25,321 [Worker-3] WARN  o.e.m.c.i.embedder.EclipseLogger - Using platform encoding (MS949 actually) to copy filtered resources, i.e. build is platform dependent!
2017-07-03 17:06:25,323 [Worker-3] INFO  o.e.m.c.i.embedder.EclipseLogger - Copying 0 resource
2017-07-03 17:06:57,672 [Worker-13] WARN  o.e.m.c.i.embedder.EclipseLogger - Using platform encoding (MS949 actually) to copy filtered resources, i.e. build is platform dependent!
2017-07-03 17:06:57,673 [Worker-13] INFO  o.e.m.c.i.embedder.EclipseLogger - Copying 0 resource
2017-07-03 17:06:57,676 [Worker-13] WARN  o.e.m.c.i.embedder.EclipseLogger - Using platform encoding (MS949 actually) to copy filtered resources, i.e. build is platform dependent!
2017-07-03 17:06:57,677 [Worker-13] INFO  o.e.m.c.i.embedder.EclipseLogger - Copying 0 resource
2017-07-03 17:06:58,732 [Worker-14] WARN  o.e.m.c.i.embedder.EclipseLogger - Using platform encoding (MS949 actually) to copy filtered resources, i.e. build is platform dependent!
2017-07-03 17:06:58,733 [Worker-14] INFO  o.e.m.c.i.embedder.EclipseLogger - Copying 0 resource
2017-07-03 17:06:58,736 [Worker-14] WARN  o.e.m.c.i.embedder.EclipseLogger - Using platform encoding (MS949 actually) to copy filtered resources, i.e. build is platform dependent!
2017-07-03 17:06:58,737 [Worker-14] INFO  o.e.m.c.i.embedder.EclipseLogger - Copying 0 resource
2017-07-03 17:07:22,358 [Worker-8] WARN  o.e.m.c.i.embedder.EclipseLogger - Using platform encoding (MS949 actually) to copy filtered resources, i.e. build is platform dependent!
2017-07-03 17:07:22,361 [Worker-8] INFO  o.e.m.c.i.embedder.EclipseLogger - Copying 0 resource
2017-07-03 17:07:22,364 [Worker-8] WARN  o.e.m.c.i.embedder.EclipseLogger - Using platform encoding (MS949 actually) to copy filtered resources, i.e. build is platform dependent!
2017-07-03 17:07:22,365 [Worker-8] INFO  o.e.m.c.i.embedder.EclipseLogger - Copying 0 resource
2017-07-03 17:07:27,643 [Worker-14] WARN  o.e.m.c.i.embedder.EclipseLogger - Using platform encoding (MS949 actually) to copy filtered resources, i.e. build is platform dependent!
2017-07-03 17:07:27,644 [Worker-14] INFO  o.e.m.c.i.embedder.EclipseLogger - Copying 0 resource
2017-07-03 17:07:27,646 [Worker-14] WARN  o.e.m.c.i.embedder.EclipseLogger - Using platform encoding (MS949 actually) to copy filtered resources, i.e. build is platform dependent!
2017-07-03 17:07:27,647 [Worker-14] INFO  o.e.m.c.i.embedder.EclipseLogger - Copying 0 resource
2017-07-03 17:07:37,182 [Worker-3] WARN  o.e.m.c.i.embedder.EclipseLogger - Using platform encoding (MS949 actually) to copy filtered resources, i.e. build is platform dependent!
2017-07-03 17:07:37,185 [Worker-3] INFO  o.e.m.c.i.embedder.EclipseLogger - Copying 1 resource
2017-07-03 17:07:37,209 [Worker-3] WARN  o.e.m.c.i.embedder.EclipseLogger - Using platform encoding (MS949 actually) to copy filtered resources, i.e. build is platform dependent!
2017-07-03 17:07:37,210 [Worker-3] INFO  o.e.m.c.i.embedder.EclipseLogger - Copying 0 resource
2017-07-03 17:07:44,025 [Worker-19] WARN  o.e.m.c.i.embedder.EclipseLogger - Using platform encoding (MS949 actually) to copy filtered resources, i.e. build is platform dependent!
2017-07-03 17:07:44,027 [Worker-19] INFO  o.e.m.c.i.embedder.EclipseLogger - Copying 1 resource
2017-07-03 17:07:44,032 [Worker-19] WARN  o.e.m.c.i.embedder.EclipseLogger - Using platform encoding (MS949 actually) to copy filtered resources, i.e. build is platform dependent!
2017-07-03 17:07:44,033 [Worker-19] INFO  o.e.m.c.i.embedder.EclipseLogger - Copying 0 resource
2017-07-03 17:07:51,693 [Worker-14] WARN  o.e.m.c.i.embedder.EclipseLogger - Using platform encoding (MS949 actually) to copy filtered resources, i.e. build is platform dependent!
2017-07-03 17:07:51,694 [Worker-14] INFO  o.e.m.c.i.embedder.EclipseLogger - Copying 1 resource
2017-07-03 17:07:51,698 [Worker-14] WARN  o.e.m.c.i.embedder.EclipseLogger - Using platform encoding (MS949 actually) to copy filtered resources, i.e. build is platform dependent!
2017-07-03 17:07:51,699 [Worker-14] INFO  o.e.m.c.i.embedder.EclipseLogger - Copying 0 resource
2017-07-03 17:07:55,315 [Worker-21] WARN  o.e.m.c.i.embedder.EclipseLogger - Using platform encoding (MS949 actually) to copy filtered resources, i.e. build is platform dependent!
2017-07-03 17:07:55,318 [Worker-21] INFO  o.e.m.c.i.embedder.EclipseLogger - Copying 1 resource
2017-07-03 17:07:55,323 [Worker-21] WARN  o.e.m.c.i.embedder.EclipseLogger - Using platform encoding (MS949 actually) to copy filtered resources, i.e. build is platform dependent!
2017-07-03 17:07:55,325 [Worker-21] INFO  o.e.m.c.i.embedder.EclipseLogger - Copying 0 resource
2017-07-03 17:07:57,399 [Worker-21] WARN  o.e.m.c.i.embedder.EclipseLogger - Using platform encoding (MS949 actually) to copy filtered resources, i.e. build is platform dependent!
2017-07-03 17:07:57,400 [Worker-21] INFO  o.e.m.c.i.embedder.EclipseLogger - Copying 1 resource
2017-07-03 17:07:57,404 [Worker-21] WARN  o.e.m.c.i.embedder.EclipseLogger - Using platform encoding (MS949 actually) to copy filtered resources, i.e. build is platform dependent!
2017-07-03 17:07:57,406 [Worker-21] INFO  o.e.m.c.i.embedder.EclipseLogger - Copying 0 resource
2017-07-03 17:09:22,878 [Worker-14] INFO  o.e.m.c.i.l.LifecycleMappingFactory - Using org.maven.ide.eclipse.wtp.WarLifecycleMapping lifecycle mapping for MavenProject: kr.co:torrent:0.0.1-SNAPSHOT @ C:\Users\Bit503-20\Desktop\torrent2\torrent\pom.xml.
2017-07-03 17:09:24,777 [Worker-14] WARN  o.e.m.c.i.embedder.EclipseLogger - Using platform encoding (MS949 actually) to copy filtered resources, i.e. build is platform dependent!
2017-07-03 17:09:24,779 [Worker-14] INFO  o.e.m.c.i.embedder.EclipseLogger - Copying 0 resource
2017-07-03 17:09:24,782 [Worker-14] WARN  o.e.m.c.i.embedder.EclipseLogger - Using platform encoding (MS949 actually) to copy filtered resources, i.e. build is platform dependent!
2017-07-03 17:09:24,783 [Worker-14] INFO  o.e.m.c.i.embedder.EclipseLogger - Copying 0 resource
2017-07-03 17:09:24,783 [Worker-14] INFO  o.e.m.w.i.f.ResourceFilteringBuildParticipant - Changed resources require a complete clean of filtered resources of torrent
2017-07-03 17:09:24,783 [Worker-14] INFO  o.e.m.w.i.f.ResourceFilteringBuildParticipant - Executing resource filtering for torrent
2017-07-03 17:09:24,788 [Worker-14] WARN  o.e.m.c.i.embedder.EclipseLogger - Using platform encoding (MS949 actually) to copy filtered resources, i.e. build is platform dependent!
2017-07-03 17:09:26,231 [Worker-20] WARN  o.e.m.c.i.embedder.EclipseLogger - Using platform encoding (MS949 actually) to copy filtered resources, i.e. build is platform dependent!
2017-07-03 17:09:26,235 [Worker-20] INFO  o.e.m.c.i.embedder.EclipseLogger - Copying 1 resource
2017-07-03 17:09:26,271 [Worker-20] WARN  o.e.m.c.i.embedder.EclipseLogger - Using platform encoding (MS949 actually) to copy filtered resources, i.e. build is platform dependent!
2017-07-03 17:09:26,272 [Worker-20] INFO  o.e.m.c.i.embedder.EclipseLogger - Copying 0 resource
2017-07-03 17:09:52,094 [Worker-20] INFO  o.e.m.c.i.l.LifecycleMappingFactory - Using org.maven.ide.eclipse.wtp.WarLifecycleMapping lifecycle mapping for MavenProject: kr.co:torrent:0.0.1-SNAPSHOT @ C:\Users\Bit503-20\Desktop\torrent2\torrent\pom.xml.
2017-07-03 17:09:53,689 [Worker-20] WARN  o.e.m.c.i.embedder.EclipseLogger - Using platform encoding (MS949 actually) to copy filtered resources, i.e. build is platform dependent!
2017-07-03 17:09:53,692 [Worker-20] INFO  o.e.m.c.i.embedder.EclipseLogger - Copying 0 resource
2017-07-03 17:09:53,695 [Worker-20] WARN  o.e.m.c.i.embedder.EclipseLogger - Using platform encoding (MS949 actually) to copy filtered resources, i.e. build is platform dependent!
2017-07-03 17:09:53,697 [Worker-20] INFO  o.e.m.c.i.embedder.EclipseLogger - Copying 0 resource
2017-07-03 17:09:53,697 [Worker-20] INFO  o.e.m.w.i.f.ResourceFilteringBuildParticipant - Changed resources require a complete clean of filtered resources of torrent
2017-07-03 17:09:53,698 [Worker-20] INFO  o.e.m.w.i.f.ResourceFilteringBuildParticipant - Executing resource filtering for torrent
2017-07-03 17:09:53,704 [Worker-20] WARN  o.e.m.c.i.embedder.EclipseLogger - Using platform encoding (MS949 actually) to copy filtered resources, i.e. build is platform dependent!
2017-07-03 17:09:54,285 [Worker-8] WARN  o.e.m.c.i.embedder.EclipseLogger - Using platform encoding (MS949 actually) to copy filtered resources, i.e. build is platform dependent!
2017-07-03 17:09:54,289 [Worker-8] INFO  o.e.m.c.i.embedder.EclipseLogger - Copying 1 resource
2017-07-03 17:09:54,301 [Worker-8] WARN  o.e.m.c.i.embedder.EclipseLogger - Using platform encoding (MS949 actually) to copy filtered resources, i.e. build is platform dependent!
2017-07-03 17:09:54,303 [Worker-8] INFO  o.e.m.c.i.embedder.EclipseLogger - Copying 0 resource
2017-07-03 17:10:34,643 [Worker-23] WARN  o.e.m.c.i.embedder.EclipseLogger - Using platform encoding (MS949 actually) to copy filtered resources, i.e. build is platform dependent!
2017-07-03 17:10:34,644 [Worker-23] INFO  o.e.m.c.i.embedder.EclipseLogger - Copying 0 resource
2017-07-03 17:10:34,646 [Worker-23] WARN  o.e.m.c.i.embedder.EclipseLogger - Using platform encoding (MS949 actually) to copy filtered resources, i.e. build is platform dependent!
2017-07-03 17:10:34,647 [Worker-23] INFO  o.e.m.c.i.embedder.EclipseLogger - Copying 0 resource
2017-07-03 17:10:37,819 [Worker-8] WARN  o.e.m.c.i.embedder.EclipseLogger - Using platform encoding (MS949 actually) to copy filtered resources, i.e. build is platform dependent!
2017-07-03 17:10:37,820 [Worker-8] INFO  o.e.m.c.i.embedder.EclipseLogger - Copying 0 resource
2017-07-03 17:10:37,823 [Worker-8] WARN  o.e.m.c.i.embedder.EclipseLogger - Using platform encoding (MS949 actually) to copy filtered resources, i.e. build is platform dependent!
2017-07-03 17:10:37,825 [Worker-8] INFO  o.e.m.c.i.embedder.EclipseLogger - Copying 0 resource
2017-07-03 17:11:03,974 [Worker-3] WARN  o.e.m.c.i.embedder.EclipseLogger - Using platform encoding (MS949 actually) to copy filtered resources, i.e. build is platform dependent!
2017-07-03 17:11:03,975 [Worker-3] INFO  o.e.m.c.i.embedder.EclipseLogger - Copying 0 resource
2017-07-03 17:11:03,977 [Worker-3] WARN  o.e.m.c.i.embedder.EclipseLogger - Using platform encoding (MS949 actually) to copy filtered resources, i.e. build is platform dependent!
2017-07-03 17:11:03,979 [Worker-3] INFO  o.e.m.c.i.embedder.EclipseLogger - Copying 0 resource
2017-07-03 17:11:08,145 [Worker-13] WARN  o.e.m.c.i.embedder.EclipseLogger - Using platform encoding (MS949 actually) to copy filtered resources, i.e. build is platform dependent!
2017-07-03 17:11:08,147 [Worker-13] INFO  o.e.m.c.i.embedder.EclipseLogger - Copying 0 resource
2017-07-03 17:11:08,149 [Worker-13] WARN  o.e.m.c.i.embedder.EclipseLogger - Using platform encoding (MS949 actually) to copy filtered resources, i.e. build is platform dependent!
2017-07-03 17:11:08,155 [Worker-13] INFO  o.e.m.c.i.embedder.EclipseLogger - Copying 0 resource
2017-07-03 17:11:25,194 [Worker-3] WARN  o.e.m.c.i.embedder.EclipseLogger - Using platform encoding (MS949 actually) to copy filtered resources, i.e. build is platform dependent!
2017-07-03 17:11:25,196 [Worker-3] INFO  o.e.m.c.i.embedder.EclipseLogger - Copying 0 resource
2017-07-03 17:11:25,201 [Worker-3] WARN  o.e.m.c.i.embedder.EclipseLogger - Using platform encoding (MS949 actually) to copy filtered resources, i.e. build is platform dependent!
2017-07-03 17:11:25,203 [Worker-3] INFO  o.e.m.c.i.embedder.EclipseLogger - Copying 0 resource
2017-07-03 17:11:26,225 [Worker-23] WARN  o.e.m.c.i.embedder.EclipseLogger - Using platform encoding (MS949 actually) to copy filtered resources, i.e. build is platform dependent!
2017-07-03 17:11:26,226 [Worker-23] INFO  o.e.m.c.i.embedder.EclipseLogger - Copying 0 resource
2017-07-03 17:11:26,230 [Worker-23] WARN  o.e.m.c.i.embedder.EclipseLogger - Using platform encoding (MS949 actually) to copy filtered resources, i.e. build is platform dependent!
2017-07-03 17:11:26,231 [Worker-23] INFO  o.e.m.c.i.embedder.EclipseLogger - Copying 0 resource
2017-07-03 17:11:46,076 [Worker-3] WARN  o.e.m.c.i.embedder.EclipseLogger - Using platform encoding (MS949 actually) to copy filtered resources, i.e. build is platform dependent!
2017-07-03 17:11:46,077 [Worker-3] INFO  o.e.m.c.i.embedder.EclipseLogger - Copying 0 resource
2017-07-03 17:11:46,082 [Worker-3] WARN  o.e.m.c.i.embedder.EclipseLogger - Using platform encoding (MS949 actually) to copy filtered resources, i.e. build is platform dependent!
2017-07-03 17:11:46,083 [Worker-3] INFO  o.e.m.c.i.embedder.EclipseLogger - Copying 0 resource
2017-07-03 17:12:20,313 [Worker-22] WARN  o.e.m.c.i.embedder.EclipseLogger - Using platform encoding (MS949 actually) to copy filtered resources, i.e. build is platform dependent!
2017-07-03 17:12:20,314 [Worker-22] INFO  o.e.m.c.i.embedder.EclipseLogger - Copying 0 resource
2017-07-03 17:12:20,317 [Worker-22] WARN  o.e.m.c.i.embedder.EclipseLogger - Using platform encoding (MS949 actually) to copy filtered resources, i.e. build is platform dependent!
2017-07-03 17:12:20,318 [Worker-22] INFO  o.e.m.c.i.embedder.EclipseLogger - Copying 0 resource
2017-07-03 17:13:22,818 [Worker-3] WARN  o.e.m.c.i.embedder.EclipseLogger - Using platform encoding (MS949 actually) to copy filtered resources, i.e. build is platform dependent!
2017-07-03 17:13:22,822 [Worker-3] INFO  o.e.m.c.i.embedder.EclipseLogger - Copying 1 resource
2017-07-03 17:13:22,828 [Worker-3] WARN  o.e.m.c.i.embedder.EclipseLogger - Using platform encoding (MS949 actually) to copy filtered resources, i.e. build is platform dependent!
2017-07-03 17:13:22,830 [Worker-3] INFO  o.e.m.c.i.embedder.EclipseLogger - Copying 0 resource
2017-07-03 17:14:27,118 [Worker-13] INFO  o.e.m.c.i.p.ProjectConfigurationManager - Update started
2017-07-03 17:14:27,665 [Worker-13] INFO  o.e.m.c.i.l.LifecycleMappingFactory - Using org.maven.ide.eclipse.wtp.WarLifecycleMapping lifecycle mapping for MavenProject: kr.co:torrent:0.0.1-SNAPSHOT @ C:\Users\Bit503-20\Desktop\torrent2\torrent\pom.xml.
2017-07-03 17:14:28,458 [Worker-13] INFO  o.e.m.j.i.AbstractJavaProjectConfigurator - Adding source folder /torrent/src/main/java
2017-07-03 17:14:28,458 [Worker-13] INFO  o.e.m.j.i.AbstractJavaProjectConfigurator - Adding resource folder /torrent/src/main/resources
2017-07-03 17:14:28,459 [Worker-13] INFO  o.e.m.j.i.AbstractJavaProjectConfigurator - Adding source folder /torrent/src/test/java
2017-07-03 17:14:28,459 [Worker-13] INFO  o.e.m.j.i.AbstractJavaProjectConfigurator - Adding resource folder /torrent/src/test/resources
2017-07-03 17:14:28,792 [Worker-13] INFO  o.e.m.w.i.f.ResourceFilteringBuildParticipant - Cleaning filtered folder for torrent
2017-07-03 17:14:28,813 [Worker-13] INFO  o.e.m.c.i.p.ProjectConfigurationManager - Update completed: 1 sec
2017-07-03 17:14:29,332 [Worker-14] WARN  o.e.m.c.i.embedder.EclipseLogger - Using platform encoding (MS949 actually) to copy filtered resources, i.e. build is platform dependent!
2017-07-03 17:14:29,334 [Worker-14] INFO  o.e.m.c.i.embedder.EclipseLogger - Copying 1 resource
2017-07-03 17:14:29,348 [Worker-14] WARN  o.e.m.c.i.embedder.EclipseLogger - Using platform encoding (MS949 actually) to copy filtered resources, i.e. build is platform dependent!
2017-07-03 17:14:29,349 [Worker-14] INFO  o.e.m.c.i.embedder.EclipseLogger - Copying 0 resource
2017-07-03 17:14:29,350 [Worker-14] INFO  o.e.m.w.i.f.ResourceFilteringBuildParticipant - Changed resources require a complete clean of filtered resources of torrent
2017-07-03 17:14:29,350 [Worker-14] INFO  o.e.m.w.i.f.ResourceFilteringBuildParticipant - Executing resource filtering for torrent
2017-07-03 17:14:29,357 [Worker-14] WARN  o.e.m.c.i.embedder.EclipseLogger - Using platform encoding (MS949 actually) to copy filtered resources, i.e. build is platform dependent!
2017-07-03 17:15:45,304 [Worker-29] WARN  o.e.m.c.i.embedder.EclipseLogger - Using platform encoding (MS949 actually) to copy filtered resources, i.e. build is platform dependent!
2017-07-03 17:15:45,308 [Worker-29] INFO  o.e.m.c.i.embedder.EclipseLogger - Copying 0 resource
2017-07-03 17:15:45,310 [Worker-29] WARN  o.e.m.c.i.embedder.EclipseLogger - Using platform encoding (MS949 actually) to copy filtered resources, i.e. build is platform dependent!
2017-07-03 17:15:45,312 [Worker-29] INFO  o.e.m.c.i.embedder.EclipseLogger - Copying 0 resource
2017-07-03 17:17:20,011 [Worker-8] WARN  o.e.m.c.i.embedder.EclipseLogger - Using platform encoding (MS949 actually) to copy filtered resources, i.e. build is platform dependent!
2017-07-03 17:17:20,013 [Worker-8] INFO  o.e.m.c.i.embedder.EclipseLogger - Copying 0 resource
2017-07-03 17:17:20,015 [Worker-8] WARN  o.e.m.c.i.embedder.EclipseLogger - Using platform encoding (MS949 actually) to copy filtered resources, i.e. build is platform dependent!
2017-07-03 17:17:20,016 [Worker-8] INFO  o.e.m.c.i.embedder.EclipseLogger - Copying 0 resource
2017-07-03 17:18:02,804 [Worker-20] WARN  o.e.m.c.i.embedder.EclipseLogger - Using platform encoding (MS949 actually) to copy filtered resources, i.e. build is platform dependent!
2017-07-03 17:18:02,806 [Worker-20] INFO  o.e.m.c.i.embedder.EclipseLogger - Copying 0 resource
2017-07-03 17:18:02,810 [Worker-20] WARN  o.e.m.c.i.embedder.EclipseLogger - Using platform encoding (MS949 actually) to copy filtered resources, i.e. build is platform dependent!
2017-07-03 17:18:02,812 [Worker-20] INFO  o.e.m.c.i.embedder.EclipseLogger - Copying 0 resource
2017-07-03 17:20:46,858 [Worker-8] WARN  o.e.m.c.i.embedder.EclipseLogger - Using platform encoding (MS949 actually) to copy filtered resources, i.e. build is platform dependent!
2017-07-03 17:20:46,859 [Worker-8] INFO  o.e.m.c.i.embedder.EclipseLogger - Copying 0 resource
2017-07-03 17:20:46,862 [Worker-8] WARN  o.e.m.c.i.embedder.EclipseLogger - Using platform encoding (MS949 actually) to copy filtered resources, i.e. build is platform dependent!
2017-07-03 17:20:46,864 [Worker-8] INFO  o.e.m.c.i.embedder.EclipseLogger - Copying 0 resource
2017-07-03 17:22:16,161 [Worker-8] WARN  o.e.m.c.i.embedder.EclipseLogger - Using platform encoding (MS949 actually) to copy filtered resources, i.e. build is platform dependent!
2017-07-03 17:22:16,163 [Worker-8] INFO  o.e.m.c.i.embedder.EclipseLogger - Copying 1 resource
2017-07-03 17:22:16,167 [Worker-8] WARN  o.e.m.c.i.embedder.EclipseLogger - Using platform encoding (MS949 actually) to copy filtered resources, i.e. build is platform dependent!
2017-07-03 17:22:16,169 [Worker-8] INFO  o.e.m.c.i.embedder.EclipseLogger - Copying 0 resource
2017-07-03 17:23:07,564 [Worker-31] WARN  o.e.m.c.i.embedder.EclipseLogger - Using platform encoding (MS949 actually) to copy filtered resources, i.e. build is platform dependent!
2017-07-03 17:23:07,565 [Worker-31] INFO  o.e.m.c.i.embedder.EclipseLogger - Copying 0 resource
2017-07-03 17:23:07,568 [Worker-31] WARN  o.e.m.c.i.embedder.EclipseLogger - Using platform encoding (MS949 actually) to copy filtered resources, i.e. build is platform dependent!
2017-07-03 17:23:07,569 [Worker-31] INFO  o.e.m.c.i.embedder.EclipseLogger - Copying 0 resource
2017-07-03 17:23:25,206 [Worker-8] WARN  o.e.m.c.i.embedder.EclipseLogger - Using platform encoding (MS949 actually) to copy filtered resources, i.e. build is platform dependent!
2017-07-03 17:23:25,208 [Worker-8] INFO  o.e.m.c.i.embedder.EclipseLogger - Copying 1 resource
2017-07-03 17:23:25,210 [Worker-8] WARN  o.e.m.c.i.embedder.EclipseLogger - Using platform encoding (MS949 actually) to copy filtered resources, i.e. build is platform dependent!
2017-07-03 17:23:25,211 [Worker-8] INFO  o.e.m.c.i.embedder.EclipseLogger - Copying 0 resource
2017-07-03 17:23:29,433 [Worker-32] WARN  o.e.m.c.i.embedder.EclipseLogger - Using platform encoding (MS949 actually) to copy filtered resources, i.e. build is platform dependent!
2017-07-03 17:23:29,436 [Worker-32] INFO  o.e.m.c.i.embedder.EclipseLogger - Copying 1 resource
2017-07-03 17:23:29,438 [Worker-32] WARN  o.e.m.c.i.embedder.EclipseLogger - Using platform encoding (MS949 actually) to copy filtered resources, i.e. build is platform dependent!
2017-07-03 17:23:29,439 [Worker-32] INFO  o.e.m.c.i.embedder.EclipseLogger - Copying 0 resource
2017-07-03 17:23:39,655 [Worker-13] WARN  o.e.m.c.i.embedder.EclipseLogger - Using platform encoding (MS949 actually) to copy filtered resources, i.e. build is platform dependent!
2017-07-03 17:23:39,657 [Worker-13] INFO  o.e.m.c.i.embedder.EclipseLogger - Copying 1 resource
2017-07-03 17:23:39,659 [Worker-13] WARN  o.e.m.c.i.embedder.EclipseLogger - Using platform encoding (MS949 actually) to copy filtered resources, i.e. build is platform dependent!
2017-07-03 17:23:39,660 [Worker-13] INFO  o.e.m.c.i.embedder.EclipseLogger - Copying 0 resource
2017-07-03 17:23:47,081 [Worker-8] WARN  o.e.m.c.i.embedder.EclipseLogger - Using platform encoding (MS949 actually) to copy filtered resources, i.e. build is platform dependent!
2017-07-03 17:23:47,082 [Worker-8] INFO  o.e.m.c.i.embedder.EclipseLogger - Copying 0 resource
2017-07-03 17:23:47,085 [Worker-8] WARN  o.e.m.c.i.embedder.EclipseLogger - Using platform encoding (MS949 actually) to copy filtered resources, i.e. build is platform dependent!
2017-07-03 17:23:47,087 [Worker-8] INFO  o.e.m.c.i.embedder.EclipseLogger - Copying 0 resource
2017-07-03 17:23:58,093 [Worker-34] WARN  o.e.m.c.i.embedder.EclipseLogger - Using platform encoding (MS949 actually) to copy filtered resources, i.e. build is platform dependent!
2017-07-03 17:23:58,094 [Worker-34] INFO  o.e.m.c.i.embedder.EclipseLogger - Copying 0 resource
2017-07-03 17:23:58,095 [Worker-34] WARN  o.e.m.c.i.embedder.EclipseLogger - Using platform encoding (MS949 actually) to copy filtered resources, i.e. build is platform dependent!
2017-07-03 17:23:58,096 [Worker-34] INFO  o.e.m.c.i.embedder.EclipseLogger - Copying 0 resource
2017-07-03 17:25:08,270 [Worker-22] WARN  o.e.m.c.i.embedder.EclipseLogger - Using platform encoding (MS949 actually) to copy filtered resources, i.e. build is platform dependent!
2017-07-03 17:25:08,272 [Worker-22] INFO  o.e.m.c.i.embedder.EclipseLogger - Copying 0 resource
2017-07-03 17:25:08,275 [Worker-22] WARN  o.e.m.c.i.embedder.EclipseLogger - Using platform encoding (MS949 actually) to copy filtered resources, i.e. build is platform dependent!
2017-07-03 17:25:08,277 [Worker-22] INFO  o.e.m.c.i.embedder.EclipseLogger - Copying 0 resource
2017-07-03 17:25:27,884 [Worker-8] WARN  o.e.m.c.i.embedder.EclipseLogger - Using platform encoding (MS949 actually) to copy filtered resources, i.e. build is platform dependent!
2017-07-03 17:25:27,885 [Worker-8] INFO  o.e.m.c.i.embedder.EclipseLogger - Copying 0 resource
2017-07-03 17:25:27,888 [Worker-8] WARN  o.e.m.c.i.embedder.EclipseLogger - Using platform encoding (MS949 actually) to copy filtered resources, i.e. build is platform dependent!
2017-07-03 17:25:27,890 [Worker-8] INFO  o.e.m.c.i.embedder.EclipseLogger - Copying 0 resource
2017-07-03 17:26:44,116 [Worker-33] WARN  o.e.m.c.i.embedder.EclipseLogger - Using platform encoding (MS949 actually) to copy filtered resources, i.e. build is platform dependent!
2017-07-03 17:26:44,118 [Worker-33] INFO  o.e.m.c.i.embedder.EclipseLogger - Copying 0 resource
2017-07-03 17:26:44,121 [Worker-33] WARN  o.e.m.c.i.embedder.EclipseLogger - Using platform encoding (MS949 actually) to copy filtered resources, i.e. build is platform dependent!
2017-07-03 17:26:48,743 [Worker-33] INFO  o.e.m.c.i.embedder.EclipseLogger - Copying 0 resource
2017-07-03 17:27:49,613 [Worker-31] WARN  o.e.m.c.i.embedder.EclipseLogger - Using platform encoding (MS949 actually) to copy filtered resources, i.e. build is platform dependent!
2017-07-03 17:27:49,614 [Worker-31] INFO  o.e.m.c.i.embedder.EclipseLogger - Copying 0 resource
2017-07-03 17:27:49,617 [Worker-31] WARN  o.e.m.c.i.embedder.EclipseLogger - Using platform encoding (MS949 actually) to copy filtered resources, i.e. build is platform dependent!
2017-07-03 17:27:49,618 [Worker-31] INFO  o.e.m.c.i.embedder.EclipseLogger - Copying 0 resource
2017-07-03 17:29:03,819 [Worker-32] WARN  o.e.m.c.i.embedder.EclipseLogger - Using platform encoding (MS949 actually) to copy filtered resources, i.e. build is platform dependent!
2017-07-03 17:29:03,819 [Worker-32] INFO  o.e.m.c.i.embedder.EclipseLogger - Copying 0 resource
2017-07-03 17:29:03,819 [Worker-32] WARN  o.e.m.c.i.embedder.EclipseLogger - Using platform encoding (MS949 actually) to copy filtered resources, i.e. build is platform dependent!
2017-07-03 17:29:03,819 [Worker-32] INFO  o.e.m.c.i.embedder.EclipseLogger - Copying 0 resource
2017-07-03 17:29:08,467 [Worker-35] WARN  o.e.m.c.i.embedder.EclipseLogger - Using platform encoding (MS949 actually) to copy filtered resources, i.e. build is platform dependent!
2017-07-03 17:29:08,467 [Worker-35] INFO  o.e.m.c.i.embedder.EclipseLogger - Copying 0 resource
2017-07-03 17:29:08,467 [Worker-35] WARN  o.e.m.c.i.embedder.EclipseLogger - Using platform encoding (MS949 actually) to copy filtered resources, i.e. build is platform dependent!
2017-07-03 17:29:08,467 [Worker-35] INFO  o.e.m.c.i.embedder.EclipseLogger - Copying 0 resource
2017-07-03 18:12:16,686 [Worker-7] WARN  o.e.m.c.i.embedder.EclipseLogger - Using platform encoding (MS949 actually) to copy filtered resources, i.e. build is platform dependent!
2017-07-03 18:12:16,695 [Worker-7] INFO  o.e.m.c.i.embedder.EclipseLogger - Copying 1 resource
2017-07-03 18:12:16,703 [Worker-7] WARN  o.e.m.c.i.embedder.EclipseLogger - Using platform encoding (MS949 actually) to copy filtered resources, i.e. build is platform dependent!
2017-07-03 18:12:16,704 [Worker-7] INFO  o.e.m.c.i.embedder.EclipseLogger - Copying 0 resource
2017-07-03 18:12:42,744 [Worker-7] WARN  o.e.m.c.i.embedder.EclipseLogger - Using platform encoding (MS949 actually) to copy filtered resources, i.e. build is platform dependent!
2017-07-03 18:12:42,750 [Worker-7] INFO  o.e.m.c.i.embedder.EclipseLogger - Copying 1 resource
2017-07-03 18:12:42,754 [Worker-7] WARN  o.e.m.c.i.embedder.EclipseLogger - Using platform encoding (MS949 actually) to copy filtered resources, i.e. build is platform dependent!
2017-07-03 18:12:42,755 [Worker-7] INFO  o.e.m.c.i.embedder.EclipseLogger - Copying 0 resource
2017-07-03 18:12:42,760 [Worker-7] INFO  o.e.m.w.i.f.ResourceFilteringBuildParticipant - Changed resources require a complete clean of filtered resources of torrent
2017-07-03 18:12:42,761 [Worker-7] INFO  o.e.m.w.i.f.ResourceFilteringBuildParticipant - Executing resource filtering for torrent
2017-07-03 18:12:42,842 [Worker-7] WARN  o.e.m.c.i.embedder.EclipseLogger - Using platform encoding (MS949 actually) to copy filtered resources, i.e. build is platform dependent!
2017-07-03 20:10:16,290 [Worker-62] WARN  o.e.m.c.i.embedder.EclipseLogger - Using platform encoding (MS949 actually) to copy filtered resources, i.e. build is platform dependent!
2017-07-03 20:10:16,298 [Worker-62] INFO  o.e.m.c.i.embedder.EclipseLogger - Copying 0 resource
2017-07-03 20:10:16,301 [Worker-62] WARN  o.e.m.c.i.embedder.EclipseLogger - Using platform encoding (MS949 actually) to copy filtered resources, i.e. build is platform dependent!
2017-07-03 20:10:16,302 [Worker-62] INFO  o.e.m.c.i.embedder.EclipseLogger - Copying 0 resource
2017-07-03 20:10:26,368 [Worker-61] WARN  o.e.m.c.i.embedder.EclipseLogger - Using platform encoding (MS949 actually) to copy filtered resources, i.e. build is platform dependent!
2017-07-03 20:10:26,369 [Worker-61] INFO  o.e.m.c.i.embedder.EclipseLogger - Copying 0 resource
2017-07-03 20:10:26,372 [Worker-61] WARN  o.e.m.c.i.embedder.EclipseLogger - Using platform encoding (MS949 actually) to copy filtered resources, i.e. build is platform dependent!
2017-07-03 20:10:26,373 [Worker-61] INFO  o.e.m.c.i.embedder.EclipseLogger - Copying 0 resource
2017-07-04 15:39:42,248 [Worker-9] WARN  o.e.m.c.i.embedder.EclipseLogger - Using platform encoding (MS949 actually) to copy filtered resources, i.e. build is platform dependent!
2017-07-04 15:39:42,366 [Worker-9] INFO  o.e.m.c.i.embedder.EclipseLogger - Copying 1 resource
2017-07-04 15:39:42,381 [Worker-9] WARN  o.e.m.c.i.embedder.EclipseLogger - Using platform encoding (MS949 actually) to copy filtered resources, i.e. build is platform dependent!
2017-07-04 15:39:42,382 [Worker-9] INFO  o.e.m.c.i.embedder.EclipseLogger - Copying 0 resource
2017-07-04 15:40:20,367 [Worker-11] WARN  o.e.m.c.i.embedder.EclipseLogger - Using platform encoding (MS949 actually) to copy filtered resources, i.e. build is platform dependent!
2017-07-04 15:40:20,373 [Worker-11] INFO  o.e.m.c.i.embedder.EclipseLogger - Copying 0 resource
2017-07-04 15:40:20,376 [Worker-11] WARN  o.e.m.c.i.embedder.EclipseLogger - Using platform encoding (MS949 actually) to copy filtered resources, i.e. build is platform dependent!
2017-07-04 15:40:20,377 [Worker-11] INFO  o.e.m.c.i.embedder.EclipseLogger - Copying 0 resource
2017-07-04 15:40:42,052 [Worker-21] WARN  o.e.m.c.i.embedder.EclipseLogger - Using platform encoding (MS949 actually) to copy filtered resources, i.e. build is platform dependent!
2017-07-04 15:40:42,053 [Worker-21] INFO  o.e.m.c.i.embedder.EclipseLogger - Copying 0 resource
2017-07-04 15:40:42,056 [Worker-21] WARN  o.e.m.c.i.embedder.EclipseLogger - Using platform encoding (MS949 actually) to copy filtered resources, i.e. build is platform dependent!
2017-07-04 15:40:42,074 [Worker-21] INFO  o.e.m.c.i.embedder.EclipseLogger - Copying 0 resource
2017-07-04 16:55:02,530 [Worker-39] WARN  o.e.m.c.i.embedder.EclipseLogger - Using platform encoding (MS949 actually) to copy filtered resources, i.e. build is platform dependent!
2017-07-04 16:55:02,543 [Worker-39] INFO  o.e.m.c.i.embedder.EclipseLogger - Copying 0 resource
2017-07-04 16:55:02,545 [Worker-39] WARN  o.e.m.c.i.embedder.EclipseLogger - Using platform encoding (MS949 actually) to copy filtered resources, i.e. build is platform dependent!
2017-07-04 16:55:02,546 [Worker-39] INFO  o.e.m.c.i.embedder.EclipseLogger - Copying 0 resource
2017-07-04 17:17:34,789 [Worker-46] WARN  o.e.m.c.i.embedder.EclipseLogger - Using platform encoding (MS949 actually) to copy filtered resources, i.e. build is platform dependent!
2017-07-04 17:17:34,791 [Worker-46] INFO  o.e.m.c.i.embedder.EclipseLogger - Copying 0 resource
2017-07-04 17:17:34,794 [Worker-46] WARN  o.e.m.c.i.embedder.EclipseLogger - Using platform encoding (MS949 actually) to copy filtered resources, i.e. build is platform dependent!
2017-07-04 17:17:34,795 [Worker-46] INFO  o.e.m.c.i.embedder.EclipseLogger - Copying 0 resource
2017-07-04 17:18:28,435 [Worker-40] WARN  o.e.m.c.i.embedder.EclipseLogger - Using platform encoding (MS949 actually) to copy filtered resources, i.e. build is platform dependent!
2017-07-04 17:18:28,437 [Worker-40] INFO  o.e.m.c.i.embedder.EclipseLogger - Copying 0 resource
2017-07-04 17:18:28,439 [Worker-40] WARN  o.e.m.c.i.embedder.EclipseLogger - Using platform encoding (MS949 actually) to copy filtered resources, i.e. build is platform dependent!
2017-07-04 17:18:28,440 [Worker-40] INFO  o.e.m.c.i.embedder.EclipseLogger - Copying 0 resource
2017-07-04 17:19:55,274 [Worker-47] WARN  o.e.m.c.i.embedder.EclipseLogger - Using platform encoding (MS949 actually) to copy filtered resources, i.e. build is platform dependent!
2017-07-04 17:19:55,276 [Worker-47] INFO  o.e.m.c.i.embedder.EclipseLogger - Copying 0 resource
2017-07-04 17:19:55,280 [Worker-47] WARN  o.e.m.c.i.embedder.EclipseLogger - Using platform encoding (MS949 actually) to copy filtered resources, i.e. build is platform dependent!
2017-07-04 17:19:55,281 [Worker-47] INFO  o.e.m.c.i.embedder.EclipseLogger - Copying 0 resource
2017-07-04 17:20:01,401 [Worker-47] WARN  o.e.m.c.i.embedder.EclipseLogger - Using platform encoding (MS949 actually) to copy filtered resources, i.e. build is platform dependent!
2017-07-04 17:20:01,402 [Worker-47] INFO  o.e.m.c.i.embedder.EclipseLogger - Copying 0 resource
2017-07-04 17:20:01,404 [Worker-47] WARN  o.e.m.c.i.embedder.EclipseLogger - Using platform encoding (MS949 actually) to copy filtered resources, i.e. build is platform dependent!
2017-07-04 17:20:01,405 [Worker-47] INFO  o.e.m.c.i.embedder.EclipseLogger - Copying 0 resource
2017-07-04 17:21:30,714 [Worker-40] WARN  o.e.m.c.i.embedder.EclipseLogger - Using platform encoding (MS949 actually) to copy filtered resources, i.e. build is platform dependent!
2017-07-04 17:21:30,715 [Worker-40] INFO  o.e.m.c.i.embedder.EclipseLogger - Copying 0 resource
2017-07-04 17:21:30,717 [Worker-40] WARN  o.e.m.c.i.embedder.EclipseLogger - Using platform encoding (MS949 actually) to copy filtered resources, i.e. build is platform dependent!
2017-07-04 17:21:30,718 [Worker-40] INFO  o.e.m.c.i.embedder.EclipseLogger - Copying 0 resource
2017-07-04 17:21:41,571 [Worker-47] WARN  o.e.m.c.i.embedder.EclipseLogger - Using platform encoding (MS949 actually) to copy filtered resources, i.e. build is platform dependent!
2017-07-04 17:21:41,572 [Worker-47] INFO  o.e.m.c.i.embedder.EclipseLogger - Copying 0 resource
2017-07-04 17:21:41,576 [Worker-47] WARN  o.e.m.c.i.embedder.EclipseLogger - Using platform encoding (MS949 actually) to copy filtered resources, i.e. build is platform dependent!
2017-07-04 17:21:41,577 [Worker-47] INFO  o.e.m.c.i.embedder.EclipseLogger - Copying 0 resource
2017-07-04 17:21:42,971 [Worker-46] WARN  o.e.m.c.i.embedder.EclipseLogger - Using platform encoding (MS949 actually) to copy filtered resources, i.e. build is platform dependent!
2017-07-04 17:21:42,972 [Worker-46] INFO  o.e.m.c.i.embedder.EclipseLogger - Copying 0 resource
2017-07-04 17:21:42,974 [Worker-46] WARN  o.e.m.c.i.embedder.EclipseLogger - Using platform encoding (MS949 actually) to copy filtered resources, i.e. build is platform dependent!
2017-07-04 17:21:42,975 [Worker-46] INFO  o.e.m.c.i.embedder.EclipseLogger - Copying 0 resource
2017-07-04 17:21:45,107 [Worker-43] WARN  o.e.m.c.i.embedder.EclipseLogger - Using platform encoding (MS949 actually) to copy filtered resources, i.e. build is platform dependent!
2017-07-04 17:21:45,108 [Worker-43] INFO  o.e.m.c.i.embedder.EclipseLogger - Copying 0 resource
2017-07-04 17:21:45,114 [Worker-43] WARN  o.e.m.c.i.embedder.EclipseLogger - Using platform encoding (MS949 actually) to copy filtered resources, i.e. build is platform dependent!
2017-07-04 17:21:45,115 [Worker-43] INFO  o.e.m.c.i.embedder.EclipseLogger - Copying 0 resource
2017-07-04 17:23:27,028 [Worker-47] WARN  o.e.m.c.i.embedder.EclipseLogger - Using platform encoding (MS949 actually) to copy filtered resources, i.e. build is platform dependent!
2017-07-04 17:23:27,029 [Worker-47] INFO  o.e.m.c.i.embedder.EclipseLogger - Copying 0 resource
2017-07-04 17:23:27,031 [Worker-47] WARN  o.e.m.c.i.embedder.EclipseLogger - Using platform encoding (MS949 actually) to copy filtered resources, i.e. build is platform dependent!
2017-07-04 17:23:27,032 [Worker-47] INFO  o.e.m.c.i.embedder.EclipseLogger - Copying 0 resource
2017-07-04 17:26:42,817 [Worker-46] WARN  o.e.m.c.i.embedder.EclipseLogger - Using platform encoding (MS949 actually) to copy filtered resources, i.e. build is platform dependent!
2017-07-04 17:26:42,846 [Worker-46] INFO  o.e.m.c.i.embedder.EclipseLogger - Copying 1 resource
2017-07-04 17:26:42,850 [Worker-46] WARN  o.e.m.c.i.embedder.EclipseLogger - Using platform encoding (MS949 actually) to copy filtered resources, i.e. build is platform dependent!
2017-07-04 17:26:42,852 [Worker-46] INFO  o.e.m.c.i.embedder.EclipseLogger - Copying 0 resource
2017-07-04 17:26:58,731 [Worker-51] WARN  o.e.m.c.i.embedder.EclipseLogger - Using platform encoding (MS949 actually) to copy filtered resources, i.e. build is platform dependent!
2017-07-04 17:26:58,733 [Worker-51] INFO  o.e.m.c.i.embedder.EclipseLogger - Copying 1 resource
2017-07-04 17:26:58,735 [Worker-51] WARN  o.e.m.c.i.embedder.EclipseLogger - Using platform encoding (MS949 actually) to copy filtered resources, i.e. build is platform dependent!
2017-07-04 17:26:58,736 [Worker-51] INFO  o.e.m.c.i.embedder.EclipseLogger - Copying 0 resource
2017-07-04 17:27:03,326 [Worker-46] WARN  o.e.m.c.i.embedder.EclipseLogger - Using platform encoding (MS949 actually) to copy filtered resources, i.e. build is platform dependent!
2017-07-04 17:27:03,328 [Worker-46] INFO  o.e.m.c.i.embedder.EclipseLogger - Copying 1 resource
2017-07-04 17:27:03,331 [Worker-46] WARN  o.e.m.c.i.embedder.EclipseLogger - Using platform encoding (MS949 actually) to copy filtered resources, i.e. build is platform dependent!
2017-07-04 17:27:03,332 [Worker-46] INFO  o.e.m.c.i.embedder.EclipseLogger - Copying 0 resource
2017-07-04 17:27:19,619 [Worker-43] WARN  o.e.m.c.i.embedder.EclipseLogger - Using platform encoding (MS949 actually) to copy filtered resources, i.e. build is platform dependent!
2017-07-04 17:27:19,621 [Worker-43] INFO  o.e.m.c.i.embedder.EclipseLogger - Copying 1 resource
2017-07-04 17:27:19,623 [Worker-43] WARN  o.e.m.c.i.embedder.EclipseLogger - Using platform encoding (MS949 actually) to copy filtered resources, i.e. build is platform dependent!
2017-07-04 17:27:19,624 [Worker-43] INFO  o.e.m.c.i.embedder.EclipseLogger - Copying 0 resource
2017-07-04 17:33:31,866 [Worker-48] WARN  o.e.m.c.i.embedder.EclipseLogger - Using platform encoding (MS949 actually) to copy filtered resources, i.e. build is platform dependent!
2017-07-04 17:33:31,878 [Worker-48] INFO  o.e.m.c.i.embedder.EclipseLogger - Copying 1 resource
2017-07-04 17:33:31,881 [Worker-48] WARN  o.e.m.c.i.embedder.EclipseLogger - Using platform encoding (MS949 actually) to copy filtered resources, i.e. build is platform dependent!
2017-07-04 17:33:31,882 [Worker-48] INFO  o.e.m.c.i.embedder.EclipseLogger - Copying 0 resource
2017-07-04 17:35:15,469 [Worker-55] WARN  o.e.m.c.i.embedder.EclipseLogger - Using platform encoding (MS949 actually) to copy filtered resources, i.e. build is platform dependent!
2017-07-04 17:35:15,472 [Worker-55] INFO  o.e.m.c.i.embedder.EclipseLogger - Copying 1 resource
2017-07-04 17:35:15,476 [Worker-55] WARN  o.e.m.c.i.embedder.EclipseLogger - Using platform encoding (MS949 actually) to copy filtered resources, i.e. build is platform dependent!
2017-07-04 17:35:15,477 [Worker-55] INFO  o.e.m.c.i.embedder.EclipseLogger - Copying 0 resource
2017-07-04 17:35:18,788 [Worker-56] WARN  o.e.m.c.i.embedder.EclipseLogger - Using platform encoding (MS949 actually) to copy filtered resources, i.e. build is platform dependent!
2017-07-04 17:35:18,791 [Worker-56] INFO  o.e.m.c.i.embedder.EclipseLogger - Copying 1 resource
2017-07-04 17:35:18,795 [Worker-56] WARN  o.e.m.c.i.embedder.EclipseLogger - Using platform encoding (MS949 actually) to copy filtered resources, i.e. build is platform dependent!
2017-07-04 17:35:18,796 [Worker-56] INFO  o.e.m.c.i.embedder.EclipseLogger - Copying 0 resource
2017-07-04 17:38:20,621 [Worker-46] WARN  o.e.m.c.i.embedder.EclipseLogger - Using platform encoding (MS949 actually) to copy filtered resources, i.e. build is platform dependent!
2017-07-04 17:38:20,624 [Worker-46] INFO  o.e.m.c.i.embedder.EclipseLogger - Copying 1 resource
2017-07-04 17:38:20,694 [Worker-46] WARN  o.e.m.c.i.embedder.EclipseLogger - Using platform encoding (MS949 actually) to copy filtered resources, i.e. build is platform dependent!
2017-07-04 17:38:20,697 [Worker-46] INFO  o.e.m.c.i.embedder.EclipseLogger - Copying 0 resource
2017-07-04 17:54:16,537 [Worker-61] WARN  o.e.m.c.i.embedder.EclipseLogger - Using platform encoding (MS949 actually) to copy filtered resources, i.e. build is platform dependent!
2017-07-04 17:54:16,539 [Worker-61] INFO  o.e.m.c.i.embedder.EclipseLogger - Copying 1 resource
2017-07-04 17:54:16,545 [Worker-61] WARN  o.e.m.c.i.embedder.EclipseLogger - Using platform encoding (MS949 actually) to copy filtered resources, i.e. build is platform dependent!
2017-07-04 17:54:16,546 [Worker-61] INFO  o.e.m.c.i.embedder.EclipseLogger - Copying 0 resource
